nohup: ignoring input
[1,   100] loss: 1.786 lr:0.001980
[1,   200] loss: 0.835 lr:0.003980
[1,   300] loss: 0.626 lr:0.005980
[1,   400] loss: 0.538 lr:0.007980
[1,   500] loss: 0.503 lr:0.009980
Epoch: 001  Validation: Loss: 0.8180, Accuracy: 70.0473
[2,   100] loss: 0.403 lr:0.010000
[2,   200] loss: 0.376 lr:0.010000
[2,   300] loss: 0.350 lr:0.010000
[2,   400] loss: 0.329 lr:0.010000
[2,   500] loss: 0.335 lr:0.010000
Epoch: 002  Validation: Loss: 0.6567, Accuracy: 76.4820
[3,   100] loss: 0.252 lr:0.010000
[3,   200] loss: 0.246 lr:0.010000
[3,   300] loss: 0.271 lr:0.010000
[3,   400] loss: 0.260 lr:0.010000
[3,   500] loss: 0.253 lr:0.010000
Epoch: 003  Validation: Loss: 0.5320, Accuracy: 82.5365
[4,   100] loss: 0.183 lr:0.010000
[4,   200] loss: 0.199 lr:0.010000
[4,   300] loss: 0.216 lr:0.010000
[4,   400] loss: 0.199 lr:0.010000
[4,   500] loss: 0.195 lr:0.010000
Epoch: 004  Validation: Loss: 0.6769, Accuracy: 78.2790
[5,   100] loss: 0.152 lr:0.010000
[5,   200] loss: 0.158 lr:0.010000
[5,   300] loss: 0.165 lr:0.010000
[5,   400] loss: 0.163 lr:0.010000
[5,   500] loss: 0.168 lr:0.010000
Epoch: 005  Validation: Loss: 0.5718, Accuracy: 82.5198
[6,   100] loss: 0.130 lr:0.010000
[6,   200] loss: 0.128 lr:0.010000
[6,   300] loss: 0.139 lr:0.010000
[6,   400] loss: 0.126 lr:0.010000
[6,   500] loss: 0.143 lr:0.010000
Epoch: 006  Validation: Loss: 0.5778, Accuracy: 83.0066
[7,   100] loss: 0.104 lr:0.010000
[7,   200] loss: 0.104 lr:0.010000
[7,   300] loss: 0.118 lr:0.010000
[7,   400] loss: 0.113 lr:0.010000
[7,   500] loss: 0.125 lr:0.010000
Epoch: 007  Validation: Loss: 0.6214, Accuracy: 83.8468
[8,   100] loss: 0.096 lr:0.010000
[8,   200] loss: 0.085 lr:0.010000
[8,   300] loss: 0.094 lr:0.010000
[8,   400] loss: 0.104 lr:0.010000
[8,   500] loss: 0.104 lr:0.010000
Epoch: 008  Validation: Loss: 0.5339, Accuracy: 85.9439
[9,   100] loss: 0.081 lr:0.010000
[9,   200] loss: 0.087 lr:0.010000
[9,   300] loss: 0.084 lr:0.010000
[9,   400] loss: 0.085 lr:0.010000
[9,   500] loss: 0.087 lr:0.010000
Epoch: 009  Validation: Loss: 0.6619, Accuracy: 83.6734
[10,   100] loss: 0.067 lr:0.010000
[10,   200] loss: 0.071 lr:0.010000
[10,   300] loss: 0.061 lr:0.010000
[10,   400] loss: 0.075 lr:0.010000
[10,   500] loss: 0.083 lr:0.010000
Epoch: 010  Validation: Loss: 0.6794, Accuracy: 84.2435
[11,   100] loss: 0.055 lr:0.010000
[11,   200] loss: 0.057 lr:0.010000
[11,   300] loss: 0.063 lr:0.010000
[11,   400] loss: 0.062 lr:0.010000
[11,   500] loss: 0.075 lr:0.010000
Epoch: 011  Validation: Loss: 0.5481, Accuracy: 88.6777
[12,   100] loss: 0.055 lr:0.010000
[12,   200] loss: 0.062 lr:0.010000
[12,   300] loss: 0.062 lr:0.010000
[12,   400] loss: 0.061 lr:0.010000
[12,   500] loss: 0.064 lr:0.010000
Epoch: 012  Validation: Loss: 0.6313, Accuracy: 85.3804
[13,   100] loss: 0.056 lr:0.010000
[13,   200] loss: 0.044 lr:0.010000
[13,   300] loss: 0.050 lr:0.010000
[13,   400] loss: 0.049 lr:0.010000
[13,   500] loss: 0.058 lr:0.010000
Epoch: 013  Validation: Loss: 0.5865, Accuracy: 88.1743
[14,   100] loss: 0.041 lr:0.010000
[14,   200] loss: 0.042 lr:0.010000
[14,   300] loss: 0.042 lr:0.010000
[14,   400] loss: 0.057 lr:0.010000
[14,   500] loss: 0.058 lr:0.010000
Epoch: 014  Validation: Loss: 0.6509, Accuracy: 85.0770
[15,   100] loss: 0.040 lr:0.010000
[15,   200] loss: 0.041 lr:0.010000
[15,   300] loss: 0.048 lr:0.010000
[15,   400] loss: 0.043 lr:0.010000
[15,   500] loss: 0.046 lr:0.010000
Epoch: 015  Validation: Loss: 0.6650, Accuracy: 86.3939
[16,   100] loss: 0.043 lr:0.010000
[16,   200] loss: 0.039 lr:0.010000
[16,   300] loss: 0.044 lr:0.010000
[16,   400] loss: 0.040 lr:0.010000
[16,   500] loss: 0.044 lr:0.010000
Epoch: 016  Validation: Loss: 0.7882, Accuracy: 85.5438
[17,   100] loss: 0.030 lr:0.010000
[17,   200] loss: 0.034 lr:0.010000
[17,   300] loss: 0.034 lr:0.010000
[17,   400] loss: 0.041 lr:0.010000
[17,   500] loss: 0.040 lr:0.010000
Epoch: 017  Validation: Loss: 0.8467, Accuracy: 84.6003
[18,   100] loss: 0.027 lr:0.010000
[18,   200] loss: 0.030 lr:0.010000
[18,   300] loss: 0.031 lr:0.010000
[18,   400] loss: 0.034 lr:0.010000
[18,   500] loss: 0.035 lr:0.010000
Epoch: 018  Validation: Loss: 0.7541, Accuracy: 86.7140
[19,   100] loss: 0.028 lr:0.010000
[19,   200] loss: 0.031 lr:0.010000
[19,   300] loss: 0.031 lr:0.010000
[19,   400] loss: 0.037 lr:0.010000
[19,   500] loss: 0.033 lr:0.010000
Epoch: 019  Validation: Loss: 0.6759, Accuracy: 88.2510
[20,   100] loss: 0.028 lr:0.010000
[20,   200] loss: 0.026 lr:0.010000
[20,   300] loss: 0.027 lr:0.010000
[20,   400] loss: 0.025 lr:0.010000
[20,   500] loss: 0.025 lr:0.010000
Epoch: 020  Validation: Loss: 0.7665, Accuracy: 86.7707
[21,   100] loss: 0.019 lr:0.001000
[21,   200] loss: 0.016 lr:0.001000
[21,   300] loss: 0.013 lr:0.001000
[21,   400] loss: 0.012 lr:0.001000
[21,   500] loss: 0.010 lr:0.001000
Epoch: 021  Validation: Loss: 0.7356, Accuracy: 88.2076
[22,   100] loss: 0.010 lr:0.001000
[22,   200] loss: 0.009 lr:0.001000
[22,   300] loss: 0.010 lr:0.001000
[22,   400] loss: 0.008 lr:0.001000
[22,   500] loss: 0.009 lr:0.001000
Epoch: 022  Validation: Loss: 0.7451, Accuracy: 88.0543
[23,   100] loss: 0.008 lr:0.001000
[23,   200] loss: 0.007 lr:0.001000
[23,   300] loss: 0.009 lr:0.001000
[23,   400] loss: 0.007 lr:0.001000
[23,   500] loss: 0.008 lr:0.001000
Epoch: 023  Validation: Loss: 0.7763, Accuracy: 87.9409
[24,   100] loss: 0.006 lr:0.001000
[24,   200] loss: 0.005 lr:0.001000
[24,   300] loss: 0.007 lr:0.001000
[24,   400] loss: 0.005 lr:0.001000
[24,   500] loss: 0.006 lr:0.001000
Epoch: 024  Validation: Loss: 0.8078, Accuracy: 87.6509
[25,   100] loss: 0.006 lr:0.001000
[25,   200] loss: 0.005 lr:0.001000
[25,   300] loss: 0.005 lr:0.001000
[25,   400] loss: 0.005 lr:0.001000
[25,   500] loss: 0.005 lr:0.001000
Epoch: 025  Validation: Loss: 0.7974, Accuracy: 87.5775
[26,   100] loss: 0.007 lr:0.001000
[26,   200] loss: 0.004 lr:0.001000
[26,   300] loss: 0.005 lr:0.001000
[26,   400] loss: 0.005 lr:0.001000
[26,   500] loss: 0.006 lr:0.001000
Epoch: 026  Validation: Loss: 0.7852, Accuracy: 88.1476
[27,   100] loss: 0.005 lr:0.001000
[27,   200] loss: 0.005 lr:0.001000
[27,   300] loss: 0.004 lr:0.001000
[27,   400] loss: 0.005 lr:0.001000
[27,   500] loss: 0.005 lr:0.001000
Epoch: 027  Validation: Loss: 0.8020, Accuracy: 88.3043
[28,   100] loss: 0.006 lr:0.001000
[28,   200] loss: 0.004 lr:0.001000
[28,   300] loss: 0.005 lr:0.001000
[28,   400] loss: 0.005 lr:0.001000
[28,   500] loss: 0.005 lr:0.001000
Epoch: 028  Validation: Loss: 0.8242, Accuracy: 87.7509
[29,   100] loss: 0.005 lr:0.001000
[29,   200] loss: 0.004 lr:0.001000
[29,   300] loss: 0.004 lr:0.001000
[29,   400] loss: 0.005 lr:0.001000
[29,   500] loss: 0.005 lr:0.001000
Epoch: 029  Validation: Loss: 0.7914, Accuracy: 88.2810
[30,   100] loss: 0.003 lr:0.001000
[30,   200] loss: 0.004 lr:0.001000
[30,   300] loss: 0.004 lr:0.001000
[30,   400] loss: 0.005 lr:0.001000
[30,   500] loss: 0.004 lr:0.001000
Epoch: 030  Validation: Loss: 0.8591, Accuracy: 87.5642
[31,   100] loss: 0.005 lr:0.001000
[31,   200] loss: 0.003 lr:0.001000
[31,   300] loss: 0.005 lr:0.001000
[31,   400] loss: 0.004 lr:0.001000
[31,   500] loss: 0.004 lr:0.001000
Epoch: 031  Validation: Loss: 0.8267, Accuracy: 87.9909
[32,   100] loss: 0.004 lr:0.001000
[32,   200] loss: 0.003 lr:0.001000
[32,   300] loss: 0.003 lr:0.001000
[32,   400] loss: 0.004 lr:0.001000
[32,   500] loss: 0.004 lr:0.001000
Epoch: 032  Validation: Loss: 0.8142, Accuracy: 88.3477
[33,   100] loss: 0.003 lr:0.001000
[33,   200] loss: 0.004 lr:0.001000
[33,   300] loss: 0.003 lr:0.001000
[33,   400] loss: 0.004 lr:0.001000
[33,   500] loss: 0.004 lr:0.001000
Epoch: 033  Validation: Loss: 0.8184, Accuracy: 88.2777
[34,   100] loss: 0.003 lr:0.001000
[34,   200] loss: 0.004 lr:0.001000
[34,   300] loss: 0.003 lr:0.001000
[34,   400] loss: 0.004 lr:0.001000
[34,   500] loss: 0.004 lr:0.001000
Epoch: 034  Validation: Loss: 0.8007, Accuracy: 88.5810
[35,   100] loss: 0.003 lr:0.001000
[35,   200] loss: 0.004 lr:0.001000
[35,   300] loss: 0.003 lr:0.001000
[35,   400] loss: 0.003 lr:0.001000
[35,   500] loss: 0.002 lr:0.001000
Epoch: 035  Validation: Loss: 0.8294, Accuracy: 88.2010
[36,   100] loss: 0.003 lr:0.001000
[36,   200] loss: 0.003 lr:0.001000
[36,   300] loss: 0.003 lr:0.001000
[36,   400] loss: 0.003 lr:0.001000
[36,   500] loss: 0.003 lr:0.001000
Epoch: 036  Validation: Loss: 0.8534, Accuracy: 87.8742
[37,   100] loss: 0.004 lr:0.001000
[37,   200] loss: 0.003 lr:0.001000
[37,   300] loss: 0.003 lr:0.001000
[37,   400] loss: 0.003 lr:0.001000
[37,   500] loss: 0.002 lr:0.001000
Epoch: 037  Validation: Loss: 0.8182, Accuracy: 88.4177
[38,   100] loss: 0.003 lr:0.001000
[38,   200] loss: 0.003 lr:0.001000
[38,   300] loss: 0.003 lr:0.001000
[38,   400] loss: 0.002 lr:0.001000
[38,   500] loss: 0.004 lr:0.001000
Epoch: 038  Validation: Loss: 0.8217, Accuracy: 88.5377
[39,   100] loss: 0.003 lr:0.001000
[39,   200] loss: 0.002 lr:0.001000
[39,   300] loss: 0.003 lr:0.001000
[39,   400] loss: 0.002 lr:0.001000
[39,   500] loss: 0.003 lr:0.001000
Epoch: 039  Validation: Loss: 0.8494, Accuracy: 87.9809
[40,   100] loss: 0.004 lr:0.001000
[40,   200] loss: 0.003 lr:0.001000
[40,   300] loss: 0.003 lr:0.001000
[40,   400] loss: 0.003 lr:0.001000
[40,   500] loss: 0.003 lr:0.001000
Epoch: 040  Validation: Loss: 0.8497, Accuracy: 88.0809
[41,   100] loss: 0.002 lr:0.000100
[41,   200] loss: 0.003 lr:0.000100
[41,   300] loss: 0.003 lr:0.000100
[41,   400] loss: 0.003 lr:0.000100
[41,   500] loss: 0.004 lr:0.000100
Epoch: 041  Validation: Loss: 0.8485, Accuracy: 88.1610
[42,   100] loss: 0.004 lr:0.000100
[42,   200] loss: 0.002 lr:0.000100
[42,   300] loss: 0.003 lr:0.000100
[42,   400] loss: 0.002 lr:0.000100
[42,   500] loss: 0.003 lr:0.000100
Epoch: 042  Validation: Loss: 0.8978, Accuracy: 87.5442
[43,   100] loss: 0.003 lr:0.000100
[43,   200] loss: 0.004 lr:0.000100
[43,   300] loss: 0.003 lr:0.000100
[43,   400] loss: 0.002 lr:0.000100
[43,   500] loss: 0.003 lr:0.000100
Epoch: 043  Validation: Loss: 0.8240, Accuracy: 88.5010
[44,   100] loss: 0.002 lr:0.000100
[44,   200] loss: 0.002 lr:0.000100
[44,   300] loss: 0.003 lr:0.000100
[44,   400] loss: 0.002 lr:0.000100
[44,   500] loss: 0.003 lr:0.000100
Epoch: 044  Validation: Loss: 0.8320, Accuracy: 88.3443
[45,   100] loss: 0.002 lr:0.000100
[45,   200] loss: 0.002 lr:0.000100
[45,   300] loss: 0.002 lr:0.000100
[45,   400] loss: 0.003 lr:0.000100
[45,   500] loss: 0.003 lr:0.000100
Epoch: 045  Validation: Loss: 0.8476, Accuracy: 88.3010
[46,   100] loss: 0.003 lr:0.000100
[46,   200] loss: 0.003 lr:0.000100
[46,   300] loss: 0.002 lr:0.000100
[46,   400] loss: 0.002 lr:0.000100
[46,   500] loss: 0.002 lr:0.000100
Epoch: 046  Validation: Loss: 0.8214, Accuracy: 88.6311
[47,   100] loss: 0.003 lr:0.000100
[47,   200] loss: 0.003 lr:0.000100
[47,   300] loss: 0.003 lr:0.000100
[47,   400] loss: 0.002 lr:0.000100
[47,   500] loss: 0.002 lr:0.000100
Epoch: 047  Validation: Loss: 0.8092, Accuracy: 88.6011
[48,   100] loss: 0.002 lr:0.000100
[48,   200] loss: 0.002 lr:0.000100
[48,   300] loss: 0.003 lr:0.000100
[48,   400] loss: 0.003 lr:0.000100
[48,   500] loss: 0.003 lr:0.000100
Epoch: 048  Validation: Loss: 0.8304, Accuracy: 88.4410
[49,   100] loss: 0.003 lr:0.000100
[49,   200] loss: 0.002 lr:0.000100
[49,   300] loss: 0.002 lr:0.000100
[49,   400] loss: 0.002 lr:0.000100
[49,   500] loss: 0.002 lr:0.000100
Epoch: 049  Validation: Loss: 0.8173, Accuracy: 88.6411
[50,   100] loss: 0.003 lr:0.000100
[50,   200] loss: 0.003 lr:0.000100
[50,   300] loss: 0.003 lr:0.000100
[50,   400] loss: 0.002 lr:0.000100
[50,   500] loss: 0.002 lr:0.000100
Epoch: 050  Validation: Loss: 0.8589, Accuracy: 88.2076
Best Accuracy for validation : 0.8868 at epoch 011
Finished Training
