nohup: ignoring input
2021-07-19 12:45:44.706872: W tensorflow/stream_executor/platform/default/dso_loader.cc:59] Could not load dynamic library 'libcudart.so.10.1'; dlerror: libcudart.so.10.1: cannot open shared object file: No such file or directory; LD_LIBRARY_PATH: /usr/local/cuda/lib
2021-07-19 12:45:44.706927: I tensorflow/stream_executor/cuda/cudart_stub.cc:29] Ignore above cudart dlerror if you do not have a GPU set up on your machine.
[1,    10] loss: 2.644 lr:0.001800
[1,    20] loss: 2.133 lr:0.003800
[1,    30] loss: 1.653 lr:0.005800
[1,    40] loss: 1.365 lr:0.007800
[1,    50] loss: 1.217 lr:0.009800
[1,    60] loss: 1.093 lr:0.010000
[1,    70] loss: 0.955 lr:0.010000
Epoch: 001  Validation: Loss: 1.4018, Accuracy: 58.5490
[2,    10] loss: 0.842 lr:0.010000
[2,    20] loss: 0.770 lr:0.010000
[2,    30] loss: 0.690 lr:0.010000
[2,    40] loss: 0.698 lr:0.010000
[2,    50] loss: 0.715 lr:0.010000
[2,    60] loss: 0.710 lr:0.010000
[2,    70] loss: 0.673 lr:0.010000
Epoch: 002  Validation: Loss: 0.8520, Accuracy: 71.9635
[3,    10] loss: 0.575 lr:0.010000
[3,    20] loss: 0.534 lr:0.010000
[3,    30] loss: 0.571 lr:0.010000
[3,    40] loss: 0.523 lr:0.010000
[3,    50] loss: 0.552 lr:0.010000
[3,    60] loss: 0.542 lr:0.010000
[3,    70] loss: 0.525 lr:0.010000
Epoch: 003  Validation: Loss: 0.4521, Accuracy: 84.8199
[4,    10] loss: 0.426 lr:0.010000
[4,    20] loss: 0.414 lr:0.010000
[4,    30] loss: 0.462 lr:0.010000
[4,    40] loss: 0.458 lr:0.010000
[4,    50] loss: 0.425 lr:0.010000
[4,    60] loss: 0.413 lr:0.010000
[4,    70] loss: 0.500 lr:0.010000
Epoch: 004  Validation: Loss: 0.3371, Accuracy: 88.9295
[5,    10] loss: 0.361 lr:0.010000
[5,    20] loss: 0.334 lr:0.010000
[5,    30] loss: 0.378 lr:0.010000
[5,    40] loss: 0.370 lr:0.010000
[5,    50] loss: 0.373 lr:0.010000
[5,    60] loss: 0.365 lr:0.010000
[5,    70] loss: 0.369 lr:0.010000
Epoch: 005  Validation: Loss: 0.3133, Accuracy: 89.2440
[6,    10] loss: 0.314 lr:0.010000
[6,    20] loss: 0.283 lr:0.010000
[6,    30] loss: 0.323 lr:0.010000
[6,    40] loss: 0.307 lr:0.010000
[6,    50] loss: 0.327 lr:0.010000
[6,    60] loss: 0.318 lr:0.010000
[6,    70] loss: 0.320 lr:0.010000
Epoch: 006  Validation: Loss: 0.3549, Accuracy: 87.0827
[7,    10] loss: 0.245 lr:0.010000
[7,    20] loss: 0.279 lr:0.010000
[7,    30] loss: 0.301 lr:0.010000
[7,    40] loss: 0.255 lr:0.010000
[7,    50] loss: 0.274 lr:0.010000
[7,    60] loss: 0.296 lr:0.010000
[7,    70] loss: 0.268 lr:0.010000
Epoch: 007  Validation: Loss: 0.2313, Accuracy: 92.4404
[8,    10] loss: 0.194 lr:0.010000
[8,    20] loss: 0.235 lr:0.010000
[8,    30] loss: 0.274 lr:0.010000
[8,    40] loss: 0.257 lr:0.010000
[8,    50] loss: 0.225 lr:0.010000
[8,    60] loss: 0.239 lr:0.010000
[8,    70] loss: 0.221 lr:0.010000
Epoch: 008  Validation: Loss: 0.1656, Accuracy: 94.6525
[9,    10] loss: 0.184 lr:0.010000
[9,    20] loss: 0.184 lr:0.010000
[9,    30] loss: 0.207 lr:0.010000
[9,    40] loss: 0.195 lr:0.010000
[9,    50] loss: 0.178 lr:0.010000
[9,    60] loss: 0.202 lr:0.010000
[9,    70] loss: 0.214 lr:0.010000
Epoch: 009  Validation: Loss: 0.1615, Accuracy: 94.7641
[10,    10] loss: 0.169 lr:0.010000
[10,    20] loss: 0.179 lr:0.010000
[10,    30] loss: 0.155 lr:0.010000
[10,    40] loss: 0.170 lr:0.010000
[10,    50] loss: 0.182 lr:0.010000
[10,    60] loss: 0.196 lr:0.010000
[10,    70] loss: 0.159 lr:0.010000
Epoch: 010  Validation: Loss: 0.1530, Accuracy: 95.0178
[11,    10] loss: 0.139 lr:0.010000
[11,    20] loss: 0.160 lr:0.010000
[11,    30] loss: 0.159 lr:0.010000
[11,    40] loss: 0.162 lr:0.010000
[11,    50] loss: 0.152 lr:0.010000
[11,    60] loss: 0.154 lr:0.010000
[11,    70] loss: 0.173 lr:0.010000
Epoch: 011  Validation: Loss: 0.1522, Accuracy: 95.0786
[12,    10] loss: 0.145 lr:0.010000
[12,    20] loss: 0.143 lr:0.010000
[12,    30] loss: 0.134 lr:0.010000
[12,    40] loss: 0.121 lr:0.010000
[12,    50] loss: 0.130 lr:0.010000
[12,    60] loss: 0.167 lr:0.010000
[12,    70] loss: 0.159 lr:0.010000
Epoch: 012  Validation: Loss: 0.1235, Accuracy: 96.0223
[13,    10] loss: 0.122 lr:0.010000
[13,    20] loss: 0.114 lr:0.010000
[13,    30] loss: 0.121 lr:0.010000
[13,    40] loss: 0.111 lr:0.010000
[13,    50] loss: 0.133 lr:0.010000
[13,    60] loss: 0.107 lr:0.010000
[13,    70] loss: 0.138 lr:0.010000
Epoch: 013  Validation: Loss: 0.0840, Accuracy: 97.1689
[14,    10] loss: 0.102 lr:0.010000
[14,    20] loss: 0.100 lr:0.010000
[14,    30] loss: 0.094 lr:0.010000
[14,    40] loss: 0.097 lr:0.010000
[14,    50] loss: 0.116 lr:0.010000
[14,    60] loss: 0.122 lr:0.010000
[14,    70] loss: 0.119 lr:0.010000
Epoch: 014  Validation: Loss: 0.0913, Accuracy: 96.9863
[15,    10] loss: 0.108 lr:0.010000
[15,    20] loss: 0.079 lr:0.010000
[15,    30] loss: 0.101 lr:0.010000
[15,    40] loss: 0.107 lr:0.010000
[15,    50] loss: 0.107 lr:0.010000
[15,    60] loss: 0.106 lr:0.010000
[15,    70] loss: 0.093 lr:0.010000
Epoch: 015  Validation: Loss: 0.0967, Accuracy: 96.9356
[16,    10] loss: 0.106 lr:0.010000
[16,    20] loss: 0.086 lr:0.010000
[16,    30] loss: 0.084 lr:0.010000
[16,    40] loss: 0.071 lr:0.010000
[16,    50] loss: 0.069 lr:0.010000
[16,    60] loss: 0.082 lr:0.010000
[16,    70] loss: 0.094 lr:0.010000
Epoch: 016  Validation: Loss: 0.0554, Accuracy: 98.1532
[17,    10] loss: 0.078 lr:0.010000
[17,    20] loss: 0.077 lr:0.010000
[17,    30] loss: 0.092 lr:0.010000
[17,    40] loss: 0.071 lr:0.010000
[17,    50] loss: 0.093 lr:0.010000
[17,    60] loss: 0.091 lr:0.010000
[17,    70] loss: 0.099 lr:0.010000
Epoch: 017  Validation: Loss: 0.0625, Accuracy: 98.2141
[18,    10] loss: 0.062 lr:0.010000
[18,    20] loss: 0.080 lr:0.010000
[18,    30] loss: 0.068 lr:0.010000
[18,    40] loss: 0.078 lr:0.010000
[18,    50] loss: 0.087 lr:0.010000
[18,    60] loss: 0.072 lr:0.010000
[18,    70] loss: 0.098 lr:0.010000
Epoch: 018  Validation: Loss: 0.0719, Accuracy: 97.6459
[19,    10] loss: 0.058 lr:0.010000
[19,    20] loss: 0.083 lr:0.010000
[19,    30] loss: 0.054 lr:0.010000
[19,    40] loss: 0.041 lr:0.010000
[19,    50] loss: 0.053 lr:0.010000
[19,    60] loss: 0.074 lr:0.010000
[19,    70] loss: 0.091 lr:0.010000
Epoch: 019  Validation: Loss: 0.0491, Accuracy: 98.3765
[20,    10] loss: 0.072 lr:0.010000
[20,    20] loss: 0.062 lr:0.010000
[20,    30] loss: 0.046 lr:0.010000
[20,    40] loss: 0.090 lr:0.010000
[20,    50] loss: 0.079 lr:0.010000
[20,    60] loss: 0.075 lr:0.010000
[20,    70] loss: 0.107 lr:0.010000
Epoch: 020  Validation: Loss: 0.1178, Accuracy: 96.0223
[21,    10] loss: 0.067 lr:0.001000
[21,    20] loss: 0.051 lr:0.001000
[21,    30] loss: 0.067 lr:0.001000
[21,    40] loss: 0.053 lr:0.001000
[21,    50] loss: 0.038 lr:0.001000
[21,    60] loss: 0.042 lr:0.001000
[21,    70] loss: 0.044 lr:0.001000
Epoch: 021  Validation: Loss: 0.0219, Accuracy: 99.4419
[22,    10] loss: 0.030 lr:0.001000
[22,    20] loss: 0.045 lr:0.001000
[22,    30] loss: 0.037 lr:0.001000
[22,    40] loss: 0.040 lr:0.001000
[22,    50] loss: 0.041 lr:0.001000
[22,    60] loss: 0.043 lr:0.001000
[22,    70] loss: 0.034 lr:0.001000
Epoch: 022  Validation: Loss: 0.0173, Accuracy: 99.6043
[23,    10] loss: 0.034 lr:0.001000
[23,    20] loss: 0.036 lr:0.001000
[23,    30] loss: 0.029 lr:0.001000
[23,    40] loss: 0.039 lr:0.001000
[23,    50] loss: 0.029 lr:0.001000
[23,    60] loss: 0.040 lr:0.001000
[23,    70] loss: 0.027 lr:0.001000
Epoch: 023  Validation: Loss: 0.0157, Accuracy: 99.6449
[24,    10] loss: 0.032 lr:0.001000
[24,    20] loss: 0.025 lr:0.001000
[24,    30] loss: 0.031 lr:0.001000
[24,    40] loss: 0.033 lr:0.001000
[24,    50] loss: 0.027 lr:0.001000
[24,    60] loss: 0.033 lr:0.001000
[24,    70] loss: 0.045 lr:0.001000
Epoch: 024  Validation: Loss: 0.0144, Accuracy: 99.6854
[25,    10] loss: 0.043 lr:0.001000
[25,    20] loss: 0.029 lr:0.001000
[25,    30] loss: 0.029 lr:0.001000
[25,    40] loss: 0.027 lr:0.001000
[25,    50] loss: 0.032 lr:0.001000
[25,    60] loss: 0.028 lr:0.001000
[25,    70] loss: 0.022 lr:0.001000
Epoch: 025  Validation: Loss: 0.0129, Accuracy: 99.7159
[26,    10] loss: 0.028 lr:0.001000
[26,    20] loss: 0.028 lr:0.001000
[26,    30] loss: 0.032 lr:0.001000
[26,    40] loss: 0.039 lr:0.001000
[26,    50] loss: 0.038 lr:0.001000
[26,    60] loss: 0.040 lr:0.001000
[26,    70] loss: 0.034 lr:0.001000
Epoch: 026  Validation: Loss: 0.0125, Accuracy: 99.7159
[27,    10] loss: 0.030 lr:0.001000
[27,    20] loss: 0.029 lr:0.001000
[27,    30] loss: 0.027 lr:0.001000
[27,    40] loss: 0.034 lr:0.001000
[27,    50] loss: 0.033 lr:0.001000
[27,    60] loss: 0.026 lr:0.001000
[27,    70] loss: 0.028 lr:0.001000
Epoch: 027  Validation: Loss: 0.0118, Accuracy: 99.7362
[28,    10] loss: 0.031 lr:0.001000
[28,    20] loss: 0.026 lr:0.001000
[28,    30] loss: 0.028 lr:0.001000
[28,    40] loss: 0.025 lr:0.001000
[28,    50] loss: 0.031 lr:0.001000
[28,    60] loss: 0.029 lr:0.001000
[28,    70] loss: 0.023 lr:0.001000
Epoch: 028  Validation: Loss: 0.0114, Accuracy: 99.7463
[29,    10] loss: 0.029 lr:0.001000
[29,    20] loss: 0.028 lr:0.001000
[29,    30] loss: 0.021 lr:0.001000
[29,    40] loss: 0.020 lr:0.001000
[29,    50] loss: 0.019 lr:0.001000
[29,    60] loss: 0.017 lr:0.001000
[29,    70] loss: 0.041 lr:0.001000
Epoch: 029  Validation: Loss: 0.0110, Accuracy: 99.7666
[30,    10] loss: 0.026 lr:0.001000
[30,    20] loss: 0.028 lr:0.001000
[30,    30] loss: 0.020 lr:0.001000
[30,    40] loss: 0.033 lr:0.001000
[30,    50] loss: 0.026 lr:0.001000
[30,    60] loss: 0.032 lr:0.001000
[30,    70] loss: 0.029 lr:0.001000
Epoch: 030  Validation: Loss: 0.0103, Accuracy: 99.8072
[31,    10] loss: 0.023 lr:0.001000
[31,    20] loss: 0.025 lr:0.001000
[31,    30] loss: 0.022 lr:0.001000
[31,    40] loss: 0.033 lr:0.001000
[31,    50] loss: 0.027 lr:0.001000
[31,    60] loss: 0.026 lr:0.001000
[31,    70] loss: 0.027 lr:0.001000
Epoch: 031  Validation: Loss: 0.0100, Accuracy: 99.7869
[32,    10] loss: 0.040 lr:0.001000
[32,    20] loss: 0.026 lr:0.001000
[32,    30] loss: 0.026 lr:0.001000
[32,    40] loss: 0.033 lr:0.001000
[32,    50] loss: 0.022 lr:0.001000
[32,    60] loss: 0.021 lr:0.001000
[32,    70] loss: 0.022 lr:0.001000
Epoch: 032  Validation: Loss: 0.0097, Accuracy: 99.7971
[33,    10] loss: 0.020 lr:0.001000
[33,    20] loss: 0.019 lr:0.001000
[33,    30] loss: 0.018 lr:0.001000
[33,    40] loss: 0.027 lr:0.001000
[33,    50] loss: 0.030 lr:0.001000
[33,    60] loss: 0.029 lr:0.001000
[33,    70] loss: 0.022 lr:0.001000
Epoch: 033  Validation: Loss: 0.0096, Accuracy: 99.7869
[34,    10] loss: 0.023 lr:0.001000
[34,    20] loss: 0.018 lr:0.001000
[34,    30] loss: 0.024 lr:0.001000
[34,    40] loss: 0.025 lr:0.001000
[34,    50] loss: 0.027 lr:0.001000
[34,    60] loss: 0.024 lr:0.001000
[34,    70] loss: 0.026 lr:0.001000
Epoch: 034  Validation: Loss: 0.0094, Accuracy: 99.7768
[35,    10] loss: 0.021 lr:0.001000
[35,    20] loss: 0.024 lr:0.001000
[35,    30] loss: 0.027 lr:0.001000
[35,    40] loss: 0.028 lr:0.001000
[35,    50] loss: 0.031 lr:0.001000
[35,    60] loss: 0.022 lr:0.001000
[35,    70] loss: 0.022 lr:0.001000
Epoch: 035  Validation: Loss: 0.0088, Accuracy: 99.7971
[36,    10] loss: 0.023 lr:0.001000
[36,    20] loss: 0.026 lr:0.001000
[36,    30] loss: 0.017 lr:0.001000
[36,    40] loss: 0.029 lr:0.001000
[36,    50] loss: 0.020 lr:0.001000
[36,    60] loss: 0.021 lr:0.001000
[36,    70] loss: 0.015 lr:0.001000
Epoch: 036  Validation: Loss: 0.0084, Accuracy: 99.7869
[37,    10] loss: 0.016 lr:0.001000
[37,    20] loss: 0.016 lr:0.001000
[37,    30] loss: 0.018 lr:0.001000
[37,    40] loss: 0.026 lr:0.001000
[37,    50] loss: 0.020 lr:0.001000
[37,    60] loss: 0.022 lr:0.001000
[37,    70] loss: 0.022 lr:0.001000
Epoch: 037  Validation: Loss: 0.0086, Accuracy: 99.7971
[38,    10] loss: 0.019 lr:0.001000
[38,    20] loss: 0.018 lr:0.001000
[38,    30] loss: 0.022 lr:0.001000
[38,    40] loss: 0.025 lr:0.001000
[38,    50] loss: 0.025 lr:0.001000
[38,    60] loss: 0.017 lr:0.001000
[38,    70] loss: 0.013 lr:0.001000
Epoch: 038  Validation: Loss: 0.0081, Accuracy: 99.8072
[39,    10] loss: 0.022 lr:0.001000
[39,    20] loss: 0.018 lr:0.001000
[39,    30] loss: 0.026 lr:0.001000
[39,    40] loss: 0.024 lr:0.001000
[39,    50] loss: 0.017 lr:0.001000
[39,    60] loss: 0.023 lr:0.001000
[39,    70] loss: 0.016 lr:0.001000
Epoch: 039  Validation: Loss: 0.0078, Accuracy: 99.8174
[40,    10] loss: 0.022 lr:0.001000
[40,    20] loss: 0.014 lr:0.001000
[40,    30] loss: 0.019 lr:0.001000
[40,    40] loss: 0.016 lr:0.001000
[40,    50] loss: 0.031 lr:0.001000
[40,    60] loss: 0.026 lr:0.001000
[40,    70] loss: 0.021 lr:0.001000
Epoch: 040  Validation: Loss: 0.0078, Accuracy: 99.8174
[41,    10] loss: 0.023 lr:0.000100
[41,    20] loss: 0.018 lr:0.000100
[41,    30] loss: 0.017 lr:0.000100
[41,    40] loss: 0.019 lr:0.000100
[41,    50] loss: 0.022 lr:0.000100
[41,    60] loss: 0.018 lr:0.000100
[41,    70] loss: 0.026 lr:0.000100
Epoch: 041  Validation: Loss: 0.0077, Accuracy: 99.8174
[42,    10] loss: 0.019 lr:0.000100
[42,    20] loss: 0.021 lr:0.000100
[42,    30] loss: 0.012 lr:0.000100
[42,    40] loss: 0.014 lr:0.000100
[42,    50] loss: 0.019 lr:0.000100
[42,    60] loss: 0.028 lr:0.000100
[42,    70] loss: 0.011 lr:0.000100
Epoch: 042  Validation: Loss: 0.0077, Accuracy: 99.8174
[43,    10] loss: 0.026 lr:0.000100
[43,    20] loss: 0.015 lr:0.000100
[43,    30] loss: 0.020 lr:0.000100
[43,    40] loss: 0.021 lr:0.000100
[43,    50] loss: 0.031 lr:0.000100
[43,    60] loss: 0.020 lr:0.000100
[43,    70] loss: 0.022 lr:0.000100
Epoch: 043  Validation: Loss: 0.0076, Accuracy: 99.8275
[44,    10] loss: 0.019 lr:0.000100
[44,    20] loss: 0.016 lr:0.000100
[44,    30] loss: 0.024 lr:0.000100
[44,    40] loss: 0.020 lr:0.000100
[44,    50] loss: 0.022 lr:0.000100
[44,    60] loss: 0.019 lr:0.000100
[44,    70] loss: 0.019 lr:0.000100
Epoch: 044  Validation: Loss: 0.0076, Accuracy: 99.8174
[45,    10] loss: 0.015 lr:0.000100
[45,    20] loss: 0.016 lr:0.000100
[45,    30] loss: 0.025 lr:0.000100
[45,    40] loss: 0.018 lr:0.000100
[45,    50] loss: 0.009 lr:0.000100
[45,    60] loss: 0.026 lr:0.000100
[45,    70] loss: 0.028 lr:0.000100
Epoch: 045  Validation: Loss: 0.0076, Accuracy: 99.8174
[46,    10] loss: 0.015 lr:0.000100
[46,    20] loss: 0.020 lr:0.000100
[46,    30] loss: 0.017 lr:0.000100
[46,    40] loss: 0.016 lr:0.000100
[46,    50] loss: 0.018 lr:0.000100
[46,    60] loss: 0.020 lr:0.000100
[46,    70] loss: 0.018 lr:0.000100
Epoch: 046  Validation: Loss: 0.0076, Accuracy: 99.8275
[47,    10] loss: 0.020 lr:0.000100
[47,    20] loss: 0.027 lr:0.000100
[47,    30] loss: 0.013 lr:0.000100
[47,    40] loss: 0.017 lr:0.000100
[47,    50] loss: 0.013 lr:0.000100
[47,    60] loss: 0.014 lr:0.000100
[47,    70] loss: 0.024 lr:0.000100
Epoch: 047  Validation: Loss: 0.0075, Accuracy: 99.8376
[48,    10] loss: 0.027 lr:0.000100
[48,    20] loss: 0.028 lr:0.000100
[48,    30] loss: 0.015 lr:0.000100
[48,    40] loss: 0.017 lr:0.000100
[48,    50] loss: 0.016 lr:0.000100
[48,    60] loss: 0.010 lr:0.000100
[48,    70] loss: 0.022 lr:0.000100
Epoch: 048  Validation: Loss: 0.0075, Accuracy: 99.8376
[49,    10] loss: 0.024 lr:0.000100
[49,    20] loss: 0.011 lr:0.000100
[49,    30] loss: 0.021 lr:0.000100
[49,    40] loss: 0.018 lr:0.000100
[49,    50] loss: 0.024 lr:0.000100
[49,    60] loss: 0.015 lr:0.000100
[49,    70] loss: 0.026 lr:0.000100
Epoch: 049  Validation: Loss: 0.0074, Accuracy: 99.8376
[50,    10] loss: 0.028 lr:0.000100
[50,    20] loss: 0.017 lr:0.000100
[50,    30] loss: 0.019 lr:0.000100
[50,    40] loss: 0.019 lr:0.000100
[50,    50] loss: 0.022 lr:0.000100
[50,    60] loss: 0.021 lr:0.000100
[50,    70] loss: 0.020 lr:0.000100
Epoch: 050  Validation: Loss: 0.0074, Accuracy: 99.8376
Best Accuracy for validation : 0.9984 at epoch 047
Finished Training
