nohup: ignoring input
[1,   100] loss: 1.958 lr:0.001980
[1,   200] loss: 1.103 lr:0.003980
[1,   300] loss: 0.772 lr:0.005980
[1,   400] loss: 0.616 lr:0.007980
[1,   500] loss: 0.537 lr:0.009980
Epoch: 001  Validation: Loss: 1.1404, Accuracy: 59.6953
[2,   100] loss: 0.430 lr:0.010000
[2,   200] loss: 0.391 lr:0.010000
[2,   300] loss: 0.401 lr:0.010000
[2,   400] loss: 0.372 lr:0.010000
[2,   500] loss: 0.347 lr:0.010000
Epoch: 002  Validation: Loss: 0.7765, Accuracy: 72.0577
[3,   100] loss: 0.294 lr:0.010000
[3,   200] loss: 0.288 lr:0.010000
[3,   300] loss: 0.291 lr:0.010000
[3,   400] loss: 0.286 lr:0.010000
[3,   500] loss: 0.271 lr:0.010000
Epoch: 003  Validation: Loss: 0.5238, Accuracy: 82.2931
[4,   100] loss: 0.231 lr:0.010000
[4,   200] loss: 0.228 lr:0.010000
[4,   300] loss: 0.224 lr:0.010000
[4,   400] loss: 0.225 lr:0.010000
[4,   500] loss: 0.232 lr:0.010000
Epoch: 004  Validation: Loss: 0.6493, Accuracy: 77.7956
[5,   100] loss: 0.189 lr:0.010000
[5,   200] loss: 0.196 lr:0.010000
[5,   300] loss: 0.182 lr:0.010000
[5,   400] loss: 0.197 lr:0.010000
[5,   500] loss: 0.195 lr:0.010000
Epoch: 005  Validation: Loss: 0.4949, Accuracy: 84.5102
[6,   100] loss: 0.155 lr:0.010000
[6,   200] loss: 0.156 lr:0.010000
[6,   300] loss: 0.159 lr:0.010000
[6,   400] loss: 0.162 lr:0.010000
[6,   500] loss: 0.165 lr:0.010000
Epoch: 006  Validation: Loss: 0.4835, Accuracy: 84.1368
[7,   100] loss: 0.130 lr:0.010000
[7,   200] loss: 0.141 lr:0.010000
[7,   300] loss: 0.137 lr:0.010000
[7,   400] loss: 0.138 lr:0.010000
[7,   500] loss: 0.134 lr:0.010000
Epoch: 007  Validation: Loss: 0.4866, Accuracy: 85.6071
[8,   100] loss: 0.124 lr:0.010000
[8,   200] loss: 0.121 lr:0.010000
[8,   300] loss: 0.113 lr:0.010000
[8,   400] loss: 0.124 lr:0.010000
[8,   500] loss: 0.112 lr:0.010000
Epoch: 008  Validation: Loss: 0.6030, Accuracy: 82.4598
[9,   100] loss: 0.110 lr:0.010000
[9,   200] loss: 0.103 lr:0.010000
[9,   300] loss: 0.102 lr:0.010000
[9,   400] loss: 0.109 lr:0.010000
[9,   500] loss: 0.111 lr:0.010000
Epoch: 009  Validation: Loss: 0.4826, Accuracy: 86.1139
[10,   100] loss: 0.087 lr:0.010000
[10,   200] loss: 0.092 lr:0.010000
[10,   300] loss: 0.091 lr:0.010000
[10,   400] loss: 0.094 lr:0.010000
[10,   500] loss: 0.101 lr:0.010000
Epoch: 010  Validation: Loss: 0.6819, Accuracy: 82.8199
[11,   100] loss: 0.077 lr:0.010000
[11,   200] loss: 0.090 lr:0.010000
[11,   300] loss: 0.087 lr:0.010000
[11,   400] loss: 0.091 lr:0.010000
[11,   500] loss: 0.087 lr:0.010000
Epoch: 011  Validation: Loss: 0.6525, Accuracy: 83.5234
[12,   100] loss: 0.071 lr:0.010000
[12,   200] loss: 0.072 lr:0.010000
[12,   300] loss: 0.075 lr:0.010000
[12,   400] loss: 0.079 lr:0.010000
[12,   500] loss: 0.077 lr:0.010000
Epoch: 012  Validation: Loss: 0.6078, Accuracy: 85.2704
[13,   100] loss: 0.069 lr:0.010000
[13,   200] loss: 0.073 lr:0.010000
[13,   300] loss: 0.070 lr:0.010000
[13,   400] loss: 0.069 lr:0.010000
[13,   500] loss: 0.067 lr:0.010000
Epoch: 013  Validation: Loss: 0.6615, Accuracy: 84.8370
[14,   100] loss: 0.064 lr:0.010000
[14,   200] loss: 0.058 lr:0.010000
[14,   300] loss: 0.059 lr:0.010000
[14,   400] loss: 0.064 lr:0.010000
[14,   500] loss: 0.062 lr:0.010000
Epoch: 014  Validation: Loss: 0.5968, Accuracy: 87.1774
[15,   100] loss: 0.053 lr:0.010000
[15,   200] loss: 0.052 lr:0.010000
[15,   300] loss: 0.052 lr:0.010000
[15,   400] loss: 0.060 lr:0.010000
[15,   500] loss: 0.056 lr:0.010000
Epoch: 015  Validation: Loss: 0.6348, Accuracy: 86.4273
[16,   100] loss: 0.051 lr:0.010000
[16,   200] loss: 0.055 lr:0.010000
[16,   300] loss: 0.052 lr:0.010000
[16,   400] loss: 0.059 lr:0.010000
[16,   500] loss: 0.057 lr:0.010000
Epoch: 016  Validation: Loss: 0.8610, Accuracy: 80.9995
[17,   100] loss: 0.049 lr:0.010000
[17,   200] loss: 0.043 lr:0.010000
[17,   300] loss: 0.051 lr:0.010000
[17,   400] loss: 0.045 lr:0.010000
[17,   500] loss: 0.051 lr:0.010000
Epoch: 017  Validation: Loss: 0.6997, Accuracy: 85.0170
[18,   100] loss: 0.041 lr:0.010000
[18,   200] loss: 0.046 lr:0.010000
[18,   300] loss: 0.048 lr:0.010000
[18,   400] loss: 0.045 lr:0.010000
[18,   500] loss: 0.045 lr:0.010000
Epoch: 018  Validation: Loss: 0.6631, Accuracy: 85.3771
[19,   100] loss: 0.041 lr:0.010000
[19,   200] loss: 0.038 lr:0.010000
[19,   300] loss: 0.039 lr:0.010000
[19,   400] loss: 0.040 lr:0.010000
[19,   500] loss: 0.047 lr:0.010000
Epoch: 019  Validation: Loss: 0.6946, Accuracy: 86.5540
[20,   100] loss: 0.036 lr:0.010000
[20,   200] loss: 0.037 lr:0.010000
[20,   300] loss: 0.034 lr:0.010000
[20,   400] loss: 0.037 lr:0.010000
[20,   500] loss: 0.047 lr:0.010000
Epoch: 020  Validation: Loss: 0.7482, Accuracy: 84.2168
[21,   100] loss: 0.030 lr:0.001000
[21,   200] loss: 0.030 lr:0.001000
[21,   300] loss: 0.020 lr:0.001000
[21,   400] loss: 0.024 lr:0.001000
[21,   500] loss: 0.023 lr:0.001000
Epoch: 021  Validation: Loss: 0.6626, Accuracy: 87.7175
[22,   100] loss: 0.021 lr:0.001000
[22,   200] loss: 0.017 lr:0.001000
[22,   300] loss: 0.019 lr:0.001000
[22,   400] loss: 0.017 lr:0.001000
[22,   500] loss: 0.018 lr:0.001000
Epoch: 022  Validation: Loss: 0.6594, Accuracy: 88.0276
[23,   100] loss: 0.017 lr:0.001000
[23,   200] loss: 0.019 lr:0.001000
[23,   300] loss: 0.016 lr:0.001000
[23,   400] loss: 0.015 lr:0.001000
[23,   500] loss: 0.015 lr:0.001000
Epoch: 023  Validation: Loss: 0.6670, Accuracy: 88.1910
[24,   100] loss: 0.016 lr:0.001000
[24,   200] loss: 0.015 lr:0.001000
[24,   300] loss: 0.015 lr:0.001000
[24,   400] loss: 0.014 lr:0.001000
[24,   500] loss: 0.015 lr:0.001000
Epoch: 024  Validation: Loss: 0.6810, Accuracy: 87.9843
[25,   100] loss: 0.014 lr:0.001000
[25,   200] loss: 0.015 lr:0.001000
[25,   300] loss: 0.015 lr:0.001000
[25,   400] loss: 0.013 lr:0.001000
[25,   500] loss: 0.016 lr:0.001000
Epoch: 025  Validation: Loss: 0.6948, Accuracy: 87.8409
[26,   100] loss: 0.013 lr:0.001000
[26,   200] loss: 0.011 lr:0.001000
[26,   300] loss: 0.011 lr:0.001000
[26,   400] loss: 0.014 lr:0.001000
[26,   500] loss: 0.012 lr:0.001000
Epoch: 026  Validation: Loss: 0.7098, Accuracy: 87.9643
[27,   100] loss: 0.013 lr:0.001000
[27,   200] loss: 0.012 lr:0.001000
[27,   300] loss: 0.010 lr:0.001000
[27,   400] loss: 0.013 lr:0.001000
[27,   500] loss: 0.012 lr:0.001000
Epoch: 027  Validation: Loss: 0.7233, Accuracy: 87.8609
[28,   100] loss: 0.013 lr:0.001000
[28,   200] loss: 0.011 lr:0.001000
[28,   300] loss: 0.012 lr:0.001000
[28,   400] loss: 0.012 lr:0.001000
[28,   500] loss: 0.010 lr:0.001000
Epoch: 028  Validation: Loss: 0.7163, Accuracy: 88.1876
[29,   100] loss: 0.012 lr:0.001000
[29,   200] loss: 0.011 lr:0.001000
[29,   300] loss: 0.011 lr:0.001000
[29,   400] loss: 0.010 lr:0.001000
[29,   500] loss: 0.013 lr:0.001000
Epoch: 029  Validation: Loss: 0.7170, Accuracy: 88.1143
[30,   100] loss: 0.010 lr:0.001000
[30,   200] loss: 0.010 lr:0.001000
[30,   300] loss: 0.011 lr:0.001000
[30,   400] loss: 0.012 lr:0.001000
[30,   500] loss: 0.011 lr:0.001000
Epoch: 030  Validation: Loss: 0.7349, Accuracy: 87.9443
[31,   100] loss: 0.010 lr:0.001000
[31,   200] loss: 0.008 lr:0.001000
[31,   300] loss: 0.013 lr:0.001000
[31,   400] loss: 0.012 lr:0.001000
[31,   500] loss: 0.011 lr:0.001000
Epoch: 031  Validation: Loss: 0.7355, Accuracy: 87.9409
[32,   100] loss: 0.011 lr:0.001000
[32,   200] loss: 0.009 lr:0.001000
[32,   300] loss: 0.010 lr:0.001000
[32,   400] loss: 0.011 lr:0.001000
[32,   500] loss: 0.012 lr:0.001000
Epoch: 032  Validation: Loss: 0.7325, Accuracy: 88.2176
[33,   100] loss: 0.010 lr:0.001000
[33,   200] loss: 0.009 lr:0.001000
[33,   300] loss: 0.009 lr:0.001000
[33,   400] loss: 0.011 lr:0.001000
[33,   500] loss: 0.011 lr:0.001000
Epoch: 033  Validation: Loss: 0.7453, Accuracy: 88.1376
[34,   100] loss: 0.010 lr:0.001000
[34,   200] loss: 0.010 lr:0.001000
[34,   300] loss: 0.009 lr:0.001000
[34,   400] loss: 0.010 lr:0.001000
[34,   500] loss: 0.008 lr:0.001000
Epoch: 034  Validation: Loss: 0.7396, Accuracy: 88.2977
[35,   100] loss: 0.009 lr:0.001000
[35,   200] loss: 0.009 lr:0.001000
[35,   300] loss: 0.009 lr:0.001000
[35,   400] loss: 0.009 lr:0.001000
[35,   500] loss: 0.009 lr:0.001000
Epoch: 035  Validation: Loss: 0.7539, Accuracy: 88.2110
[36,   100] loss: 0.009 lr:0.001000
[36,   200] loss: 0.011 lr:0.001000
[36,   300] loss: 0.010 lr:0.001000
[36,   400] loss: 0.008 lr:0.001000
[36,   500] loss: 0.009 lr:0.001000
Epoch: 036  Validation: Loss: 0.7599, Accuracy: 88.0576
[37,   100] loss: 0.010 lr:0.001000
[37,   200] loss: 0.009 lr:0.001000
[37,   300] loss: 0.007 lr:0.001000
[37,   400] loss: 0.009 lr:0.001000
[37,   500] loss: 0.008 lr:0.001000
Epoch: 037  Validation: Loss: 0.7543, Accuracy: 88.1976
[38,   100] loss: 0.007 lr:0.001000
[38,   200] loss: 0.010 lr:0.001000
[38,   300] loss: 0.008 lr:0.001000
[38,   400] loss: 0.008 lr:0.001000
[38,   500] loss: 0.008 lr:0.001000
Epoch: 038  Validation: Loss: 0.7672, Accuracy: 88.2143
[39,   100] loss: 0.007 lr:0.001000
[39,   200] loss: 0.008 lr:0.001000
[39,   300] loss: 0.008 lr:0.001000
[39,   400] loss: 0.007 lr:0.001000
[39,   500] loss: 0.008 lr:0.001000
Epoch: 039  Validation: Loss: 0.7910, Accuracy: 88.0643
[40,   100] loss: 0.006 lr:0.001000
[40,   200] loss: 0.007 lr:0.001000
[40,   300] loss: 0.006 lr:0.001000
[40,   400] loss: 0.009 lr:0.001000
[40,   500] loss: 0.009 lr:0.001000
Epoch: 040  Validation: Loss: 0.7782, Accuracy: 88.1310
[41,   100] loss: 0.008 lr:0.000100
[41,   200] loss: 0.007 lr:0.000100
[41,   300] loss: 0.007 lr:0.000100
[41,   400] loss: 0.008 lr:0.000100
[41,   500] loss: 0.007 lr:0.000100
Epoch: 041  Validation: Loss: 0.7834, Accuracy: 88.0910
[42,   100] loss: 0.008 lr:0.000100
[42,   200] loss: 0.010 lr:0.000100
[42,   300] loss: 0.008 lr:0.000100
[42,   400] loss: 0.007 lr:0.000100
[42,   500] loss: 0.008 lr:0.000100
Epoch: 042  Validation: Loss: 0.7749, Accuracy: 88.2043
[43,   100] loss: 0.007 lr:0.000100
[43,   200] loss: 0.007 lr:0.000100
[43,   300] loss: 0.008 lr:0.000100
[43,   400] loss: 0.009 lr:0.000100
[43,   500] loss: 0.007 lr:0.000100
Epoch: 043  Validation: Loss: 0.7803, Accuracy: 88.1543
[44,   100] loss: 0.007 lr:0.000100
[44,   200] loss: 0.006 lr:0.000100
[44,   300] loss: 0.008 lr:0.000100
[44,   400] loss: 0.007 lr:0.000100
[44,   500] loss: 0.008 lr:0.000100
Epoch: 044  Validation: Loss: 0.7766, Accuracy: 88.2510
[45,   100] loss: 0.009 lr:0.000100
[45,   200] loss: 0.008 lr:0.000100
[45,   300] loss: 0.008 lr:0.000100
[45,   400] loss: 0.008 lr:0.000100
[45,   500] loss: 0.008 lr:0.000100
Epoch: 045  Validation: Loss: 0.7743, Accuracy: 88.2843
[46,   100] loss: 0.007 lr:0.000100
[46,   200] loss: 0.009 lr:0.000100
[46,   300] loss: 0.006 lr:0.000100
[46,   400] loss: 0.008 lr:0.000100
[46,   500] loss: 0.007 lr:0.000100
Epoch: 046  Validation: Loss: 0.7736, Accuracy: 88.2943
[47,   100] loss: 0.006 lr:0.000100
[47,   200] loss: 0.009 lr:0.000100
[47,   300] loss: 0.006 lr:0.000100
[47,   400] loss: 0.007 lr:0.000100
[47,   500] loss: 0.007 lr:0.000100
Epoch: 047  Validation: Loss: 0.7835, Accuracy: 88.1543
[48,   100] loss: 0.009 lr:0.000100
[48,   200] loss: 0.008 lr:0.000100
[48,   300] loss: 0.008 lr:0.000100
[48,   400] loss: 0.007 lr:0.000100
[48,   500] loss: 0.008 lr:0.000100
Epoch: 048  Validation: Loss: 0.7775, Accuracy: 88.2543
[49,   100] loss: 0.008 lr:0.000100
[49,   200] loss: 0.006 lr:0.000100
[49,   300] loss: 0.007 lr:0.000100
[49,   400] loss: 0.007 lr:0.000100
[49,   500] loss: 0.007 lr:0.000100
Epoch: 049  Validation: Loss: 0.7751, Accuracy: 88.3210
[50,   100] loss: 0.007 lr:0.000100
[50,   200] loss: 0.009 lr:0.000100
[50,   300] loss: 0.006 lr:0.000100
[50,   400] loss: 0.007 lr:0.000100
[50,   500] loss: 0.007 lr:0.000100
Epoch: 050  Validation: Loss: 0.7758, Accuracy: 88.3143
Best Accuracy for validation : 0.8832 at epoch 049
Finished Training
